[+] Containers:
 |- [+] Container: /Game/ThirdPerson/Maps/ThirdPersonMap
 |   |- [+] ActorDescs:
 |   |   |- Guid:1411E50641A638C93AA8F8941CA3D5A9 NativeClass:/Script/Landscape.LandscapeStreamingProxy Name:LandscapeStreamingProxy_90G5V0VKYU0WZBTV61QZOCD12_126_1_1_0 Label:LandscapeStreamingProxy_1_1_0 SpatiallyLoaded:true EditorBounds:IsValid=true, Min=(X=-12600.000 Y=-12600.000 Z=-2706.250), Max=(X=0.000 Y=0.000 Z=7707.031) RuntimeBounds:IsValid=true, Min=(X=-12600.000 Y=-12600.000 Z=-2706.250), Max=(X=0.000 Y=0.000 Z=7707.031) RuntimeGrid:None EditorOnly:false RuntimeOnly:false HLODRelevant:true ListedInSceneOutliner:true IsMainWorldOnly:false
 |   |   |- Guid:22A802A64C0B80A6906D3586FD302BE9 NativeClass:/Script/Landscape.LandscapeStreamingProxy Name:LandscapeStreamingProxy_90G5V0VKYU0WZBTV61QZOCD12_126_3_0_0 Label:LandscapeStreamingProxy_3_0_0 SpatiallyLoaded:true EditorBounds:IsValid=true, Min=(X=12600.000 Y=-25200.000 Z=-410.156), Max=(X=25200.000 Y=-12600.000 Z=9017.969) RuntimeBounds:IsValid=true, Min=(X=12600.000 Y=-25200.000 Z=-410.156), Max=(X=25200.000 Y=-12600.000 Z=9017.969) RuntimeGrid:None EditorOnly:false RuntimeOnly:false HLODRelevant:true ListedInSceneOutliner:true IsMainWorldOnly:false
 |   |   |- Guid:2D139D82448473C5B37DF4BF71E4A807 NativeClass:/Script/Landscape.LandscapeStreamingProxy Name:LandscapeStreamingProxy_90G5V0VKYU0WZBTV61QZOCD12_126_0_0_0 Label:LandscapeStreamingProxy_0_0_0 SpatiallyLoaded:true EditorBounds:IsValid=true, Min=(X=-25200.000 Y=-25200.000 Z=-2907.031), Max=(X=-12600.000 Y=-12600.000 Z=7135.156) RuntimeBounds:IsValid=true, Min=(X=-25200.000 Y=-25200.000 Z=-2907.031), Max=(X=-12600.000 Y=-12600.000 Z=7135.156) RuntimeGrid:None EditorOnly:false RuntimeOnly:false HLODRelevant:true ListedInSceneOutliner:true IsMainWorldOnly:false
 |   |   |- Guid:2FB58999456391D349DC0F86DAC136ED NativeClass:/Script/Engine.SkyLight Name:SkyLight_1 Label:SkyLight SpatiallyLoaded:false EditorBounds:IsValid=true, Min=(X=-1.000 Y=-1.000 Z=-1.000), Max=(X=1.000 Y=1.000 Z=690.000) RuntimeBounds:IsValid=true, Min=(X=0.000 Y=0.000 Z=690.000), Max=(X=0.000 Y=0.000 Z=690.000) RuntimeGrid:None EditorOnly:false RuntimeOnly:false HLODRelevant:false ListedInSceneOutliner:true IsMainWorldOnly:false FolderPath:Lighting FolderGuid:963EC3EB4002CCE9759E2EBA541A873A
 |   |   |- Guid:316CF2A6494ACA4C0E4180A87D36AB8F NativeClass:/Script/Engine.ExponentialHeightFog Name:ExponentialHeightFog_0 Label:ExponentialHeightFog SpatiallyLoaded:false EditorBounds:IsValid=true, Min=(X=-5728.000 Y=-178.000 Z=-6978.000), Max=(X=-5472.000 Y=78.000 Z=-6722.000) RuntimeBounds:IsValid=true, Min=(X=-5600.000 Y=-50.000 Z=-6850.000), Max=(X=-5600.000 Y=-50.000 Z=-6850.000) RuntimeGrid:None EditorOnly:false RuntimeOnly:false HLODRelevant:false ListedInSceneOutliner:true IsMainWorldOnly:false FolderPath:Lighting FolderGuid:963EC3EB4002CCE9759E2EBA541A873A
 |   |   |- Guid:369503C14F01B678A5BBA8B8C84C59FA NativeClass:/Script/Landscape.LandscapeStreamingProxy Name:LandscapeStreamingProxy_90G5V0VKYU0WZBTV61QZOCD12_126_2_2_0 Label:LandscapeStreamingProxy_2_2_0 SpatiallyLoaded:true EditorBounds:IsValid=true, Min=(X=0.000 Y=0.000 Z=-2378.125), Max=(X=12600.000 Y=12600.000 Z=9017.969) RuntimeBounds:IsValid=true, Min=(X=0.000 Y=0.000 Z=-2378.125), Max=(X=12600.000 Y=12600.000 Z=9017.969) RuntimeGrid:None EditorOnly:false RuntimeOnly:false HLODRelevant:true ListedInSceneOutliner:true IsMainWorldOnly:false
 |   |   |- Guid:3A00AA1C422CE54C0BDB60BAF471BFBB NativeClass:/Script/Engine.PlayerStart Name:PlayerStart_0 Label:PlayerStart SpatiallyLoaded:false EditorBounds:IsValid=true, Min=(X=772.000 Y=982.000 Z=-35.987), Max=(X=1140.000 Y=1238.000 Z=220.013) RuntimeBounds:IsValid=true, Min=(X=860.000 Y=1070.000 Z=0.013), Max=(X=940.000 Y=1150.000 Z=184.013) RuntimeGrid:None EditorOnly:false RuntimeOnly:false HLODRelevant:false ListedInSceneOutliner:true IsMainWorldOnly:false
 |   |   |- Guid:3A66431941B426E5973BAD8BA70392F8 NativeClass:/Script/Landscape.LandscapeStreamingProxy Name:LandscapeStreamingProxy_90G5V0VKYU0WZBTV61QZOCD12_126_2_1_0 Label:LandscapeStreamingProxy_2_1_0 SpatiallyLoaded:true EditorBounds:IsValid=true, Min=(X=0.000 Y=-12600.000 Z=-2464.844), Max=(X=12600.000 Y=0.000 Z=1585.156) RuntimeBounds:IsValid=true, Min=(X=0.000 Y=-12600.000 Z=-2464.844), Max=(X=12600.000 Y=0.000 Z=1585.156) RuntimeGrid:None EditorOnly:false RuntimeOnly:false HLODRelevant:true ListedInSceneOutliner:true IsMainWorldOnly:false
 |   |   |- Guid:4D3BE93F4146AAAC8BBE79999D96D57F NativeClass:/Script/Engine.VolumetricCloud Name:VolumetricCloud_0 Label:VolumetricCloud SpatiallyLoaded:false EditorBounds:IsValid=true, Min=(X=-128.000 Y=-128.000 Z=692.000), Max=(X=128.000 Y=128.000 Z=948.000) RuntimeBounds:IsValid=true, Min=(X=0.000 Y=0.000 Z=820.000), Max=(X=0.000 Y=0.000 Z=820.000) RuntimeGrid:None EditorOnly:false RuntimeOnly:false HLODRelevant:false ListedInSceneOutliner:true IsMainWorldOnly:false FolderPath:Lighting FolderGuid:963EC3EB4002CCE9759E2EBA541A873A
 |   |   |- Guid:523877BB483AB5C9082BD1988B1775E2 NativeClass:/Script/Landscape.LandscapeStreamingProxy Name:LandscapeStreamingProxy_90G5V0VKYU0WZBTV61QZOCD12_126_1_2_0 Label:LandscapeStreamingProxy_1_2_0 SpatiallyLoaded:true EditorBounds:IsValid=true, Min=(X=-12600.000 Y=0.000 Z=-1000.781), Max=(X=0.000 Y=12600.000 Z=5371.094) RuntimeBounds:IsValid=true, Min=(X=-12600.000 Y=0.000 Z=-1000.781), Max=(X=0.000 Y=12600.000 Z=5371.094) RuntimeGrid:None EditorOnly:false RuntimeOnly:false HLODRelevant:true ListedInSceneOutliner:true IsMainWorldOnly:false
 |   |   |- Guid:6B0C6CF14A93C32B3A5EBB95F027468C NativeClass:/Script/Landscape.LandscapeStreamingProxy Name:LandscapeStreamingProxy_90G5V0VKYU0WZBTV61QZOCD12_126_3_3_0 Label:LandscapeStreamingProxy_3_3_0 SpatiallyLoaded:true EditorBounds:IsValid=true, Min=(X=12600.000 Y=12600.000 Z=-4273.438), Max=(X=25200.000 Y=25200.000 Z=19868.750) RuntimeBounds:IsValid=true, Min=(X=12600.000 Y=12600.000 Z=-4273.438), Max=(X=25200.000 Y=25200.000 Z=19868.750) RuntimeGrid:None EditorOnly:false RuntimeOnly:false HLODRelevant:true ListedInSceneOutliner:true IsMainWorldOnly:false
 |   |   |- Guid:6BAF4DDD444C60371492D3919DB42C97 NativeClass:/Script/Engine.WorldDataLayers Name:WorldDataLayers Label:WorldDataLayers SpatiallyLoaded:false EditorBounds:IsValid=false, Min=(X=0.000 Y=0.000 Z=0.000), Max=(X=0.000 Y=0.000 Z=0.000) RuntimeBounds:IsValid=false, Min=(X=0.000 Y=0.000 Z=0.000), Max=(X=0.000 Y=0.000 Z=0.000) RuntimeGrid:None EditorOnly:false RuntimeOnly:false HLODRelevant:false ListedInSceneOutliner:true IsMainWorldOnly:true
 |   |   |- Guid:709CB20B407E79C79F95999553215F99 NativeClass:/Script/Landscape.LandscapeStreamingProxy Name:LandscapeStreamingProxy_90G5V0VKYU0WZBTV61QZOCD12_126_2_0_0 Label:LandscapeStreamingProxy_2_0_0 SpatiallyLoaded:true EditorBounds:IsValid=true, Min=(X=0.000 Y=-25200.000 Z=-739.062), Max=(X=12600.000 Y=-12600.000 Z=7427.344) RuntimeBounds:IsValid=true, Min=(X=0.000 Y=-25200.000 Z=-739.062), Max=(X=12600.000 Y=-12600.000 Z=7427.344) RuntimeGrid:None EditorOnly:false RuntimeOnly:false HLODRelevant:true ListedInSceneOutliner:true IsMainWorldOnly:false
 |   |   |- Guid:847D034F41486AB6CAE2DF80CB20F4AD NativeClass:/Script/Landscape.LandscapeStreamingProxy Name:LandscapeStreamingProxy_90G5V0VKYU0WZBTV61QZOCD12_126_1_0_0 Label:LandscapeStreamingProxy_1_0_0 SpatiallyLoaded:true EditorBounds:IsValid=true, Min=(X=-12600.000 Y=-25200.000 Z=-2086.719), Max=(X=0.000 Y=-12600.000 Z=5142.188) RuntimeBounds:IsValid=true, Min=(X=-12600.000 Y=-25200.000 Z=-2086.719), Max=(X=0.000 Y=-12600.000 Z=5142.188) RuntimeGrid:None EditorOnly:false RuntimeOnly:false HLODRelevant:true ListedInSceneOutliner:true IsMainWorldOnly:false
 |   |   |- Guid:86F57C1241DB9C338F4702A37CD3DC35 NativeClass:/Script/Engine.StaticMeshActor Name:StaticMeshActor_UAID_60CF8485F515314F02_1454843544 Label:sci0fi_steel_plate_rocket SpatiallyLoaded:true EditorBounds:IsValid=true, Min=(X=14831.331 Y=-17959.020 Z=-3266.379), Max=(X=20933.990 Y=-15062.099 Z=4126.514) RuntimeBounds:IsValid=true, Min=(X=14831.331 Y=-17959.020 Z=-3266.379), Max=(X=20933.990 Y=-15062.099 Z=4126.514) RuntimeGrid:None EditorOnly:false RuntimeOnly:false HLODRelevant:true ListedInSceneOutliner:true IsMainWorldOnly:false
 |   |   |- Guid:8ADABDB046D4EE62E0F4609B641FF66E NativeClass:/Script/Engine.StaticMeshActor Name:StaticMeshActor_UAID_60CF8485F515334F02_1970459895 Label:sci0fi_steel_plate_rocket2 SpatiallyLoaded:true EditorBounds:IsValid=true, Min=(X=16200.015 Y=-18149.023 Z=-1367.291), Max=(X=19905.217 Y=-14667.738 Z=2823.605) RuntimeBounds:IsValid=true, Min=(X=16200.015 Y=-18149.023 Z=-1367.291), Max=(X=19905.217 Y=-14667.738 Z=2823.605) RuntimeGrid:None EditorOnly:false RuntimeOnly:false HLODRelevant:true ListedInSceneOutliner:true IsMainWorldOnly:false
 |   |   |- Guid:9F7F6622490309F9560A4DBF0F3AF94E NativeClass:/Script/Landscape.LandscapeStreamingProxy Name:LandscapeStreamingProxy_90G5V0VKYU0WZBTV61QZOCD12_126_1_3_0 Label:LandscapeStreamingProxy_1_3_0 SpatiallyLoaded:true EditorBounds:IsValid=true, Min=(X=-12600.000 Y=12600.000 Z=-1824.219), Max=(X=0.000 Y=25200.000 Z=9346.875) RuntimeBounds:IsValid=true, Min=(X=-12600.000 Y=12600.000 Z=-1824.219), Max=(X=0.000 Y=25200.000 Z=9346.875) RuntimeGrid:None EditorOnly:false RuntimeOnly:false HLODRelevant:true ListedInSceneOutliner:true IsMainWorldOnly:false
 |   |   |- Guid:A8EEB6F7415FD4C65D7871AE8F8289D2 NativeClass:/Script/Landscape.LandscapeStreamingProxy Name:LandscapeStreamingProxy_90G5V0VKYU0WZBTV61QZOCD12_126_0_3_0 Label:LandscapeStreamingProxy_0_3_0 SpatiallyLoaded:true EditorBounds:IsValid=true, Min=(X=-25200.000 Y=12600.000 Z=-632.812), Max=(X=-12600.000 Y=25200.000 Z=5900.781) RuntimeBounds:IsValid=true, Min=(X=-25200.000 Y=12600.000 Z=-632.812), Max=(X=-12600.000 Y=25200.000 Z=5900.781) RuntimeGrid:None EditorOnly:false RuntimeOnly:false HLODRelevant:true ListedInSceneOutliner:true IsMainWorldOnly:false
 |   |   |- Guid:B785ED2844B84CFB91E7F39FE661CD99 NativeClass:/Script/Engine.DirectionalLight Name:DirectionalLight_0 Label:DirectionalLight SpatiallyLoaded:false EditorBounds:IsValid=false, Min=(X=0.000 Y=0.000 Z=0.000), Max=(X=0.000 Y=0.000 Z=0.000) RuntimeBounds:IsValid=false, Min=(X=0.000 Y=0.000 Z=0.000), Max=(X=0.000 Y=0.000 Z=0.000) RuntimeGrid:None EditorOnly:false RuntimeOnly:false HLODRelevant:false ListedInSceneOutliner:true IsMainWorldOnly:false FolderPath:Lighting FolderGuid:963EC3EB4002CCE9759E2EBA541A873A
 |   |   |- Guid:BE51839E42E7688FA664299AA4AD50A9 NativeClass:/Script/Landscape.LandscapeStreamingProxy Name:LandscapeStreamingProxy_90G5V0VKYU0WZBTV61QZOCD12_126_0_1_0 Label:LandscapeStreamingProxy_0_1_0 SpatiallyLoaded:true EditorBounds:IsValid=true, Min=(X=-25200.000 Y=-12600.000 Z=-2293.750), Max=(X=-12600.000 Y=0.000 Z=7951.562) RuntimeBounds:IsValid=true, Min=(X=-25200.000 Y=-12600.000 Z=-2293.750), Max=(X=-12600.000 Y=0.000 Z=7951.562) RuntimeGrid:None EditorOnly:false RuntimeOnly:false HLODRelevant:true ListedInSceneOutliner:true IsMainWorldOnly:false
 |   |   |- Guid:CC3301734455DA79B8A5539DBDFD9850 NativeClass:/Script/Landscape.LandscapeStreamingProxy Name:LandscapeStreamingProxy_90G5V0VKYU0WZBTV61QZOCD12_126_3_1_0 Label:LandscapeStreamingProxy_3_1_0 SpatiallyLoaded:true EditorBounds:IsValid=true, Min=(X=12600.000 Y=-12600.000 Z=-477.344), Max=(X=25200.000 Y=0.000 Z=10475.000) RuntimeBounds:IsValid=true, Min=(X=12600.000 Y=-12600.000 Z=-477.344), Max=(X=25200.000 Y=0.000 Z=10475.000) RuntimeGrid:None EditorOnly:false RuntimeOnly:false HLODRelevant:true ListedInSceneOutliner:true IsMainWorldOnly:false
 |   |   |- Guid:CCEC853C442B6A454E7DEC8F96F313EF NativeClass:/Script/Landscape.LandscapeStreamingProxy Name:LandscapeStreamingProxy_90G5V0VKYU0WZBTV61QZOCD12_126_0_2_0 Label:LandscapeStreamingProxy_0_2_0 SpatiallyLoaded:true EditorBounds:IsValid=true, Min=(X=-25200.000 Y=0.000 Z=-904.688), Max=(X=-12600.000 Y=12600.000 Z=5567.188) RuntimeBounds:IsValid=true, Min=(X=-25200.000 Y=0.000 Z=-904.688), Max=(X=-12600.000 Y=12600.000 Z=5567.188) RuntimeGrid:None EditorOnly:false RuntimeOnly:false HLODRelevant:true ListedInSceneOutliner:true IsMainWorldOnly:false
 |   |   |- Guid:CCFF262C46EEFFDF319E7F9539CE697E NativeClass:/Script/Engine.SkyAtmosphere Name:SkyAtmosphere_0 Label:SkyAtmosphere SpatiallyLoaded:false EditorBounds:IsValid=true, Min=(X=-128.000 Y=-128.000 Z=892.000), Max=(X=240.000 Y=128.000 Z=1148.000) RuntimeBounds:IsValid=true, Min=(X=0.000 Y=0.000 Z=1020.000), Max=(X=0.000 Y=0.000 Z=1020.000) RuntimeGrid:None EditorOnly:false RuntimeOnly:false HLODRelevant:false ListedInSceneOutliner:true IsMainWorldOnly:false FolderPath:Lighting FolderGuid:963EC3EB4002CCE9759E2EBA541A873A
 |   |   |- Guid:DD9C3E2546383CEBE82D01BDB10316A4 NativeClass:/Script/Engine.StaticMeshActor Name:StaticMeshActor_UAID_60CF8485F515D14F02_1736738703 Label:Shape_Plane SpatiallyLoaded:true EditorBounds:IsValid=true, Min=(X=-29100.873 Y=-27996.458 Z=-1330.000), Max=(X=24940.873 Y=19996.458 Z=-1330.000) RuntimeBounds:IsValid=true, Min=(X=-29100.873 Y=-27996.458 Z=-1330.000), Max=(X=24940.873 Y=19996.458 Z=-1330.000) RuntimeGrid:None EditorOnly:false RuntimeOnly:false HLODRelevant:true ListedInSceneOutliner:true IsMainWorldOnly:false
 |   |   |- Guid:E00768104C560DD0D0EEEA865F26E2EF NativeClass:/Script/Landscape.LandscapeStreamingProxy Name:LandscapeStreamingProxy_90G5V0VKYU0WZBTV61QZOCD12_126_2_3_0 Label:LandscapeStreamingProxy_2_3_0 SpatiallyLoaded:true EditorBounds:IsValid=true, Min=(X=0.000 Y=12600.000 Z=-661.719), Max=(X=12600.000 Y=25200.000 Z=9346.875) RuntimeBounds:IsValid=true, Min=(X=0.000 Y=12600.000 Z=-661.719), Max=(X=12600.000 Y=25200.000 Z=9346.875) RuntimeGrid:None EditorOnly:false RuntimeOnly:false HLODRelevant:true ListedInSceneOutliner:true IsMainWorldOnly:false
 |   |   |- Guid:EAC21A914F65F37CE5F2BCBAE72ED43E NativeClass:/Script/Landscape.LandscapeStreamingProxy Name:LandscapeStreamingProxy_90G5V0VKYU0WZBTV61QZOCD12_126_3_2_0 Label:LandscapeStreamingProxy_3_2_0 SpatiallyLoaded:true EditorBounds:IsValid=true, Min=(X=12600.000 Y=0.000 Z=-4027.344), Max=(X=25200.000 Y=12600.000 Z=19209.375) RuntimeBounds:IsValid=true, Min=(X=12600.000 Y=0.000 Z=-4027.344), Max=(X=25200.000 Y=12600.000 Z=19209.375) RuntimeGrid:None EditorOnly:false RuntimeOnly:false HLODRelevant:true ListedInSceneOutliner:true IsMainWorldOnly:false
 |   |   |- Guid:EC4E0C944CE6AC6E784BC6BB2916EA13 NativeClass:/Script/Engine.StaticMeshActor Name:StaticMeshActor_UAID_A4AE111137DC5EFB00_1110535423 Label:SM_SkySphere SpatiallyLoaded:false EditorBounds:IsValid=true, Min=(X=-1638400.000 Y=-1638400.000 Z=-1638400.000), Max=(X=1638400.000 Y=1638400.000 Z=1638400.000) RuntimeBounds:IsValid=true, Min=(X=-1638400.000 Y=-1638400.000 Z=-1638400.000), Max=(X=1638400.000 Y=1638400.000 Z=1638400.000) RuntimeGrid:None EditorOnly:false RuntimeOnly:false HLODRelevant:false ListedInSceneOutliner:true IsMainWorldOnly:false FolderPath:Lighting FolderGuid:963EC3EB4002CCE9759E2EBA541A873A
 |   |   |- Guid:F0D415F94933827FC885B0AAB02DD957 NativeClass:/Script/Landscape.Landscape Name:Landscape_UAID_60CF8485F515B94E02_1781506423 Label:Landscape SpatiallyLoaded:false EditorBounds:IsValid=true, Min=(X=-25200.000 Y=-25200.000 Z=0.000), Max=(X=-25200.000 Y=-25200.000 Z=0.000) RuntimeBounds:IsValid=true, Min=(X=-25200.000 Y=-25200.000 Z=0.000), Max=(X=-25200.000 Y=-25200.000 Z=0.000) RuntimeGrid:None EditorOnly:false RuntimeOnly:false HLODRelevant:false ListedInSceneOutliner:true IsMainWorldOnly:false
 |   |   |- Guid:F5E3FEB3450C49844FD93DA8E083C8AD NativeClass:/Script/Engine.PostProcessVolume Name:PostProcessVolume_0 Label:PostProcessVolume SpatiallyLoaded:false EditorBounds:IsValid=true, Min=(X=0.000 Y=0.000 Z=400.000), Max=(X=200.000 Y=200.000 Z=600.000) RuntimeBounds:IsValid=true, Min=(X=0.000 Y=0.000 Z=400.000), Max=(X=200.000 Y=200.000 Z=600.000) RuntimeGrid:None EditorOnly:false RuntimeOnly:false HLODRelevant:false ListedInSceneOutliner:true IsMainWorldOnly:false FolderPath:Lighting FolderGuid:963EC3EB4002CCE9759E2EBA541A873A
 |   |- [+] Clusters:
 |   |   |- [+] [  0]
 |   |   |   |- Guid:1411E50641A638C93AA8F8941CA3D5A9 NativeClass:/Script/Landscape.LandscapeStreamingProxy Name:LandscapeStreamingProxy_90G5V0VKYU0WZBTV61QZOCD12_126_1_1_0 Label:LandscapeStreamingProxy_1_1_0 SpatiallyLoaded:true EditorBounds:IsValid=true, Min=(X=-12600.000 Y=-12600.000 Z=-2706.250), Max=(X=0.000 Y=0.000 Z=7707.031) RuntimeBounds:IsValid=true, Min=(X=-12600.000 Y=-12600.000 Z=-2706.250), Max=(X=0.000 Y=0.000 Z=7707.031) RuntimeGrid:None EditorOnly:false RuntimeOnly:false HLODRelevant:true ListedInSceneOutliner:true IsMainWorldOnly:false
 |   |   |- [+] [  1]
 |   |   |   |- Guid:22A802A64C0B80A6906D3586FD302BE9 NativeClass:/Script/Landscape.LandscapeStreamingProxy Name:LandscapeStreamingProxy_90G5V0VKYU0WZBTV61QZOCD12_126_3_0_0 Label:LandscapeStreamingProxy_3_0_0 SpatiallyLoaded:true EditorBounds:IsValid=true, Min=(X=12600.000 Y=-25200.000 Z=-410.156), Max=(X=25200.000 Y=-12600.000 Z=9017.969) RuntimeBounds:IsValid=true, Min=(X=12600.000 Y=-25200.000 Z=-410.156), Max=(X=25200.000 Y=-12600.000 Z=9017.969) RuntimeGrid:None EditorOnly:false RuntimeOnly:false HLODRelevant:true ListedInSceneOutliner:true IsMainWorldOnly:false
 |   |   |- [+] [  2]
 |   |   |   |- Guid:2D139D82448473C5B37DF4BF71E4A807 NativeClass:/Script/Landscape.LandscapeStreamingProxy Name:LandscapeStreamingProxy_90G5V0VKYU0WZBTV61QZOCD12_126_0_0_0 Label:LandscapeStreamingProxy_0_0_0 SpatiallyLoaded:true EditorBounds:IsValid=true, Min=(X=-25200.000 Y=-25200.000 Z=-2907.031), Max=(X=-12600.000 Y=-12600.000 Z=7135.156) RuntimeBounds:IsValid=true, Min=(X=-25200.000 Y=-25200.000 Z=-2907.031), Max=(X=-12600.000 Y=-12600.000 Z=7135.156) RuntimeGrid:None EditorOnly:false RuntimeOnly:false HLODRelevant:true ListedInSceneOutliner:true IsMainWorldOnly:false
 |   |   |- [+] [  3]
 |   |   |   |- Guid:2FB58999456391D349DC0F86DAC136ED NativeClass:/Script/Engine.SkyLight Name:SkyLight_1 Label:SkyLight SpatiallyLoaded:false EditorBounds:IsValid=true, Min=(X=-1.000 Y=-1.000 Z=-1.000), Max=(X=1.000 Y=1.000 Z=690.000) RuntimeBounds:IsValid=true, Min=(X=0.000 Y=0.000 Z=690.000), Max=(X=0.000 Y=0.000 Z=690.000) RuntimeGrid:None EditorOnly:false RuntimeOnly:false HLODRelevant:false ListedInSceneOutliner:true IsMainWorldOnly:false FolderPath:Lighting FolderGuid:963EC3EB4002CCE9759E2EBA541A873A
 |   |   |- [+] [  4]
 |   |   |   |- Guid:316CF2A6494ACA4C0E4180A87D36AB8F NativeClass:/Script/Engine.ExponentialHeightFog Name:ExponentialHeightFog_0 Label:ExponentialHeightFog SpatiallyLoaded:false EditorBounds:IsValid=true, Min=(X=-5728.000 Y=-178.000 Z=-6978.000), Max=(X=-5472.000 Y=78.000 Z=-6722.000) RuntimeBounds:IsValid=true, Min=(X=-5600.000 Y=-50.000 Z=-6850.000), Max=(X=-5600.000 Y=-50.000 Z=-6850.000) RuntimeGrid:None EditorOnly:false RuntimeOnly:false HLODRelevant:false ListedInSceneOutliner:true IsMainWorldOnly:false FolderPath:Lighting FolderGuid:963EC3EB4002CCE9759E2EBA541A873A
 |   |   |- [+] [  5]
 |   |   |   |- Guid:369503C14F01B678A5BBA8B8C84C59FA NativeClass:/Script/Landscape.LandscapeStreamingProxy Name:LandscapeStreamingProxy_90G5V0VKYU0WZBTV61QZOCD12_126_2_2_0 Label:LandscapeStreamingProxy_2_2_0 SpatiallyLoaded:true EditorBounds:IsValid=true, Min=(X=0.000 Y=0.000 Z=-2378.125), Max=(X=12600.000 Y=12600.000 Z=9017.969) RuntimeBounds:IsValid=true, Min=(X=0.000 Y=0.000 Z=-2378.125), Max=(X=12600.000 Y=12600.000 Z=9017.969) RuntimeGrid:None EditorOnly:false RuntimeOnly:false HLODRelevant:true ListedInSceneOutliner:true IsMainWorldOnly:false
 |   |   |- [+] [  6]
 |   |   |   |- Guid:3A00AA1C422CE54C0BDB60BAF471BFBB NativeClass:/Script/Engine.PlayerStart Name:PlayerStart_0 Label:PlayerStart SpatiallyLoaded:false EditorBounds:IsValid=true, Min=(X=772.000 Y=982.000 Z=-35.987), Max=(X=1140.000 Y=1238.000 Z=220.013) RuntimeBounds:IsValid=true, Min=(X=860.000 Y=1070.000 Z=0.013), Max=(X=940.000 Y=1150.000 Z=184.013) RuntimeGrid:None EditorOnly:false RuntimeOnly:false HLODRelevant:false ListedInSceneOutliner:true IsMainWorldOnly:false
 |   |   |- [+] [  7]
 |   |   |   |- Guid:3A66431941B426E5973BAD8BA70392F8 NativeClass:/Script/Landscape.LandscapeStreamingProxy Name:LandscapeStreamingProxy_90G5V0VKYU0WZBTV61QZOCD12_126_2_1_0 Label:LandscapeStreamingProxy_2_1_0 SpatiallyLoaded:true EditorBounds:IsValid=true, Min=(X=0.000 Y=-12600.000 Z=-2464.844), Max=(X=12600.000 Y=0.000 Z=1585.156) RuntimeBounds:IsValid=true, Min=(X=0.000 Y=-12600.000 Z=-2464.844), Max=(X=12600.000 Y=0.000 Z=1585.156) RuntimeGrid:None EditorOnly:false RuntimeOnly:false HLODRelevant:true ListedInSceneOutliner:true IsMainWorldOnly:false
 |   |   |- [+] [  8]
 |   |   |   |- Guid:4D3BE93F4146AAAC8BBE79999D96D57F NativeClass:/Script/Engine.VolumetricCloud Name:VolumetricCloud_0 Label:VolumetricCloud SpatiallyLoaded:false EditorBounds:IsValid=true, Min=(X=-128.000 Y=-128.000 Z=692.000), Max=(X=128.000 Y=128.000 Z=948.000) RuntimeBounds:IsValid=true, Min=(X=0.000 Y=0.000 Z=820.000), Max=(X=0.000 Y=0.000 Z=820.000) RuntimeGrid:None EditorOnly:false RuntimeOnly:false HLODRelevant:false ListedInSceneOutliner:true IsMainWorldOnly:false FolderPath:Lighting FolderGuid:963EC3EB4002CCE9759E2EBA541A873A
 |   |   |- [+] [  9]
 |   |   |   |- Guid:523877BB483AB5C9082BD1988B1775E2 NativeClass:/Script/Landscape.LandscapeStreamingProxy Name:LandscapeStreamingProxy_90G5V0VKYU0WZBTV61QZOCD12_126_1_2_0 Label:LandscapeStreamingProxy_1_2_0 SpatiallyLoaded:true EditorBounds:IsValid=true, Min=(X=-12600.000 Y=0.000 Z=-1000.781), Max=(X=0.000 Y=12600.000 Z=5371.094) RuntimeBounds:IsValid=true, Min=(X=-12600.000 Y=0.000 Z=-1000.781), Max=(X=0.000 Y=12600.000 Z=5371.094) RuntimeGrid:None EditorOnly:false RuntimeOnly:false HLODRelevant:true ListedInSceneOutliner:true IsMainWorldOnly:false
 |   |   |- [+] [ 10]
 |   |   |   |- Guid:6B0C6CF14A93C32B3A5EBB95F027468C NativeClass:/Script/Landscape.LandscapeStreamingProxy Name:LandscapeStreamingProxy_90G5V0VKYU0WZBTV61QZOCD12_126_3_3_0 Label:LandscapeStreamingProxy_3_3_0 SpatiallyLoaded:true EditorBounds:IsValid=true, Min=(X=12600.000 Y=12600.000 Z=-4273.438), Max=(X=25200.000 Y=25200.000 Z=19868.750) RuntimeBounds:IsValid=true, Min=(X=12600.000 Y=12600.000 Z=-4273.438), Max=(X=25200.000 Y=25200.000 Z=19868.750) RuntimeGrid:None EditorOnly:false RuntimeOnly:false HLODRelevant:true ListedInSceneOutliner:true IsMainWorldOnly:false
 |   |   |- [+] [ 11]
 |   |   |   |- Guid:6BAF4DDD444C60371492D3919DB42C97 NativeClass:/Script/Engine.WorldDataLayers Name:WorldDataLayers Label:WorldDataLayers SpatiallyLoaded:false EditorBounds:IsValid=false, Min=(X=0.000 Y=0.000 Z=0.000), Max=(X=0.000 Y=0.000 Z=0.000) RuntimeBounds:IsValid=false, Min=(X=0.000 Y=0.000 Z=0.000), Max=(X=0.000 Y=0.000 Z=0.000) RuntimeGrid:None EditorOnly:false RuntimeOnly:false HLODRelevant:false ListedInSceneOutliner:true IsMainWorldOnly:true
 |   |   |- [+] [ 12]
 |   |   |   |- Guid:709CB20B407E79C79F95999553215F99 NativeClass:/Script/Landscape.LandscapeStreamingProxy Name:LandscapeStreamingProxy_90G5V0VKYU0WZBTV61QZOCD12_126_2_0_0 Label:LandscapeStreamingProxy_2_0_0 SpatiallyLoaded:true EditorBounds:IsValid=true, Min=(X=0.000 Y=-25200.000 Z=-739.062), Max=(X=12600.000 Y=-12600.000 Z=7427.344) RuntimeBounds:IsValid=true, Min=(X=0.000 Y=-25200.000 Z=-739.062), Max=(X=12600.000 Y=-12600.000 Z=7427.344) RuntimeGrid:None EditorOnly:false RuntimeOnly:false HLODRelevant:true ListedInSceneOutliner:true IsMainWorldOnly:false
 |   |   |- [+] [ 13]
 |   |   |   |- Guid:847D034F41486AB6CAE2DF80CB20F4AD NativeClass:/Script/Landscape.LandscapeStreamingProxy Name:LandscapeStreamingProxy_90G5V0VKYU0WZBTV61QZOCD12_126_1_0_0 Label:LandscapeStreamingProxy_1_0_0 SpatiallyLoaded:true EditorBounds:IsValid=true, Min=(X=-12600.000 Y=-25200.000 Z=-2086.719), Max=(X=0.000 Y=-12600.000 Z=5142.188) RuntimeBounds:IsValid=true, Min=(X=-12600.000 Y=-25200.000 Z=-2086.719), Max=(X=0.000 Y=-12600.000 Z=5142.188) RuntimeGrid:None EditorOnly:false RuntimeOnly:false HLODRelevant:true ListedInSceneOutliner:true IsMainWorldOnly:false
 |   |   |- [+] [ 14]
 |   |   |   |- Guid:86F57C1241DB9C338F4702A37CD3DC35 NativeClass:/Script/Engine.StaticMeshActor Name:StaticMeshActor_UAID_60CF8485F515314F02_1454843544 Label:sci0fi_steel_plate_rocket SpatiallyLoaded:true EditorBounds:IsValid=true, Min=(X=14831.331 Y=-17959.020 Z=-3266.379), Max=(X=20933.990 Y=-15062.099 Z=4126.514) RuntimeBounds:IsValid=true, Min=(X=14831.331 Y=-17959.020 Z=-3266.379), Max=(X=20933.990 Y=-15062.099 Z=4126.514) RuntimeGrid:None EditorOnly:false RuntimeOnly:false HLODRelevant:true ListedInSceneOutliner:true IsMainWorldOnly:false
 |   |   |- [+] [ 15]
 |   |   |   |- Guid:8ADABDB046D4EE62E0F4609B641FF66E NativeClass:/Script/Engine.StaticMeshActor Name:StaticMeshActor_UAID_60CF8485F515334F02_1970459895 Label:sci0fi_steel_plate_rocket2 SpatiallyLoaded:true EditorBounds:IsValid=true, Min=(X=16200.015 Y=-18149.023 Z=-1367.291), Max=(X=19905.217 Y=-14667.738 Z=2823.605) RuntimeBounds:IsValid=true, Min=(X=16200.015 Y=-18149.023 Z=-1367.291), Max=(X=19905.217 Y=-14667.738 Z=2823.605) RuntimeGrid:None EditorOnly:false RuntimeOnly:false HLODRelevant:true ListedInSceneOutliner:true IsMainWorldOnly:false
 |   |   |- [+] [ 16]
 |   |   |   |- Guid:9F7F6622490309F9560A4DBF0F3AF94E NativeClass:/Script/Landscape.LandscapeStreamingProxy Name:LandscapeStreamingProxy_90G5V0VKYU0WZBTV61QZOCD12_126_1_3_0 Label:LandscapeStreamingProxy_1_3_0 SpatiallyLoaded:true EditorBounds:IsValid=true, Min=(X=-12600.000 Y=12600.000 Z=-1824.219), Max=(X=0.000 Y=25200.000 Z=9346.875) RuntimeBounds:IsValid=true, Min=(X=-12600.000 Y=12600.000 Z=-1824.219), Max=(X=0.000 Y=25200.000 Z=9346.875) RuntimeGrid:None EditorOnly:false RuntimeOnly:false HLODRelevant:true ListedInSceneOutliner:true IsMainWorldOnly:false
 |   |   |- [+] [ 17]
 |   |   |   |- Guid:A8EEB6F7415FD4C65D7871AE8F8289D2 NativeClass:/Script/Landscape.LandscapeStreamingProxy Name:LandscapeStreamingProxy_90G5V0VKYU0WZBTV61QZOCD12_126_0_3_0 Label:LandscapeStreamingProxy_0_3_0 SpatiallyLoaded:true EditorBounds:IsValid=true, Min=(X=-25200.000 Y=12600.000 Z=-632.812), Max=(X=-12600.000 Y=25200.000 Z=5900.781) RuntimeBounds:IsValid=true, Min=(X=-25200.000 Y=12600.000 Z=-632.812), Max=(X=-12600.000 Y=25200.000 Z=5900.781) RuntimeGrid:None EditorOnly:false RuntimeOnly:false HLODRelevant:true ListedInSceneOutliner:true IsMainWorldOnly:false
 |   |   |- [+] [ 18]
 |   |   |   |- Guid:B785ED2844B84CFB91E7F39FE661CD99 NativeClass:/Script/Engine.DirectionalLight Name:DirectionalLight_0 Label:DirectionalLight SpatiallyLoaded:false EditorBounds:IsValid=false, Min=(X=0.000 Y=0.000 Z=0.000), Max=(X=0.000 Y=0.000 Z=0.000) RuntimeBounds:IsValid=false, Min=(X=0.000 Y=0.000 Z=0.000), Max=(X=0.000 Y=0.000 Z=0.000) RuntimeGrid:None EditorOnly:false RuntimeOnly:false HLODRelevant:false ListedInSceneOutliner:true IsMainWorldOnly:false FolderPath:Lighting FolderGuid:963EC3EB4002CCE9759E2EBA541A873A
 |   |   |- [+] [ 19]
 |   |   |   |- Guid:BE51839E42E7688FA664299AA4AD50A9 NativeClass:/Script/Landscape.LandscapeStreamingProxy Name:LandscapeStreamingProxy_90G5V0VKYU0WZBTV61QZOCD12_126_0_1_0 Label:LandscapeStreamingProxy_0_1_0 SpatiallyLoaded:true EditorBounds:IsValid=true, Min=(X=-25200.000 Y=-12600.000 Z=-2293.750), Max=(X=-12600.000 Y=0.000 Z=7951.562) RuntimeBounds:IsValid=true, Min=(X=-25200.000 Y=-12600.000 Z=-2293.750), Max=(X=-12600.000 Y=0.000 Z=7951.562) RuntimeGrid:None EditorOnly:false RuntimeOnly:false HLODRelevant:true ListedInSceneOutliner:true IsMainWorldOnly:false
 |   |   |- [+] [ 20]
 |   |   |   |- Guid:CC3301734455DA79B8A5539DBDFD9850 NativeClass:/Script/Landscape.LandscapeStreamingProxy Name:LandscapeStreamingProxy_90G5V0VKYU0WZBTV61QZOCD12_126_3_1_0 Label:LandscapeStreamingProxy_3_1_0 SpatiallyLoaded:true EditorBounds:IsValid=true, Min=(X=12600.000 Y=-12600.000 Z=-477.344), Max=(X=25200.000 Y=0.000 Z=10475.000) RuntimeBounds:IsValid=true, Min=(X=12600.000 Y=-12600.000 Z=-477.344), Max=(X=25200.000 Y=0.000 Z=10475.000) RuntimeGrid:None EditorOnly:false RuntimeOnly:false HLODRelevant:true ListedInSceneOutliner:true IsMainWorldOnly:false
 |   |   |- [+] [ 21]
 |   |   |   |- Guid:CCEC853C442B6A454E7DEC8F96F313EF NativeClass:/Script/Landscape.LandscapeStreamingProxy Name:LandscapeStreamingProxy_90G5V0VKYU0WZBTV61QZOCD12_126_0_2_0 Label:LandscapeStreamingProxy_0_2_0 SpatiallyLoaded:true EditorBounds:IsValid=true, Min=(X=-25200.000 Y=0.000 Z=-904.688), Max=(X=-12600.000 Y=12600.000 Z=5567.188) RuntimeBounds:IsValid=true, Min=(X=-25200.000 Y=0.000 Z=-904.688), Max=(X=-12600.000 Y=12600.000 Z=5567.188) RuntimeGrid:None EditorOnly:false RuntimeOnly:false HLODRelevant:true ListedInSceneOutliner:true IsMainWorldOnly:false
 |   |   |- [+] [ 22]
 |   |   |   |- Guid:CCFF262C46EEFFDF319E7F9539CE697E NativeClass:/Script/Engine.SkyAtmosphere Name:SkyAtmosphere_0 Label:SkyAtmosphere SpatiallyLoaded:false EditorBounds:IsValid=true, Min=(X=-128.000 Y=-128.000 Z=892.000), Max=(X=240.000 Y=128.000 Z=1148.000) RuntimeBounds:IsValid=true, Min=(X=0.000 Y=0.000 Z=1020.000), Max=(X=0.000 Y=0.000 Z=1020.000) RuntimeGrid:None EditorOnly:false RuntimeOnly:false HLODRelevant:false ListedInSceneOutliner:true IsMainWorldOnly:false FolderPath:Lighting FolderGuid:963EC3EB4002CCE9759E2EBA541A873A
 |   |   |- [+] [ 23]
 |   |   |   |- Guid:DD9C3E2546383CEBE82D01BDB10316A4 NativeClass:/Script/Engine.StaticMeshActor Name:StaticMeshActor_UAID_60CF8485F515D14F02_1736738703 Label:Shape_Plane SpatiallyLoaded:true EditorBounds:IsValid=true, Min=(X=-29100.873 Y=-27996.458 Z=-1330.000), Max=(X=24940.873 Y=19996.458 Z=-1330.000) RuntimeBounds:IsValid=true, Min=(X=-29100.873 Y=-27996.458 Z=-1330.000), Max=(X=24940.873 Y=19996.458 Z=-1330.000) RuntimeGrid:None EditorOnly:false RuntimeOnly:false HLODRelevant:true ListedInSceneOutliner:true IsMainWorldOnly:false
 |   |   |- [+] [ 24]
 |   |   |   |- Guid:E00768104C560DD0D0EEEA865F26E2EF NativeClass:/Script/Landscape.LandscapeStreamingProxy Name:LandscapeStreamingProxy_90G5V0VKYU0WZBTV61QZOCD12_126_2_3_0 Label:LandscapeStreamingProxy_2_3_0 SpatiallyLoaded:true EditorBounds:IsValid=true, Min=(X=0.000 Y=12600.000 Z=-661.719), Max=(X=12600.000 Y=25200.000 Z=9346.875) RuntimeBounds:IsValid=true, Min=(X=0.000 Y=12600.000 Z=-661.719), Max=(X=12600.000 Y=25200.000 Z=9346.875) RuntimeGrid:None EditorOnly:false RuntimeOnly:false HLODRelevant:true ListedInSceneOutliner:true IsMainWorldOnly:false
 |   |   |- [+] [ 25]
 |   |   |   |- Guid:EAC21A914F65F37CE5F2BCBAE72ED43E NativeClass:/Script/Landscape.LandscapeStreamingProxy Name:LandscapeStreamingProxy_90G5V0VKYU0WZBTV61QZOCD12_126_3_2_0 Label:LandscapeStreamingProxy_3_2_0 SpatiallyLoaded:true EditorBounds:IsValid=true, Min=(X=12600.000 Y=0.000 Z=-4027.344), Max=(X=25200.000 Y=12600.000 Z=19209.375) RuntimeBounds:IsValid=true, Min=(X=12600.000 Y=0.000 Z=-4027.344), Max=(X=25200.000 Y=12600.000 Z=19209.375) RuntimeGrid:None EditorOnly:false RuntimeOnly:false HLODRelevant:true ListedInSceneOutliner:true IsMainWorldOnly:false
 |   |   |- [+] [ 26]
 |   |   |   |- Guid:EC4E0C944CE6AC6E784BC6BB2916EA13 NativeClass:/Script/Engine.StaticMeshActor Name:StaticMeshActor_UAID_A4AE111137DC5EFB00_1110535423 Label:SM_SkySphere SpatiallyLoaded:false EditorBounds:IsValid=true, Min=(X=-1638400.000 Y=-1638400.000 Z=-1638400.000), Max=(X=1638400.000 Y=1638400.000 Z=1638400.000) RuntimeBounds:IsValid=true, Min=(X=-1638400.000 Y=-1638400.000 Z=-1638400.000), Max=(X=1638400.000 Y=1638400.000 Z=1638400.000) RuntimeGrid:None EditorOnly:false RuntimeOnly:false HLODRelevant:false ListedInSceneOutliner:true IsMainWorldOnly:false FolderPath:Lighting FolderGuid:963EC3EB4002CCE9759E2EBA541A873A
 |   |   |- [+] [ 27]
 |   |   |   |- Guid:F0D415F94933827FC885B0AAB02DD957 NativeClass:/Script/Landscape.Landscape Name:Landscape_UAID_60CF8485F515B94E02_1781506423 Label:Landscape SpatiallyLoaded:false EditorBounds:IsValid=true, Min=(X=-25200.000 Y=-25200.000 Z=0.000), Max=(X=-25200.000 Y=-25200.000 Z=0.000) RuntimeBounds:IsValid=true, Min=(X=-25200.000 Y=-25200.000 Z=0.000), Max=(X=-25200.000 Y=-25200.000 Z=0.000) RuntimeGrid:None EditorOnly:false RuntimeOnly:false HLODRelevant:false ListedInSceneOutliner:true IsMainWorldOnly:false
 |   |   |- [+] [ 28]
 |   |   |   |- Guid:F5E3FEB3450C49844FD93DA8E083C8AD NativeClass:/Script/Engine.PostProcessVolume Name:PostProcessVolume_0 Label:PostProcessVolume SpatiallyLoaded:false EditorBounds:IsValid=true, Min=(X=0.000 Y=0.000 Z=400.000), Max=(X=200.000 Y=200.000 Z=600.000) RuntimeBounds:IsValid=true, Min=(X=0.000 Y=0.000 Z=400.000), Max=(X=200.000 Y=200.000 Z=600.000) RuntimeGrid:None EditorOnly:false RuntimeOnly:false HLODRelevant:false ListedInSceneOutliner:true IsMainWorldOnly:false FolderPath:Lighting FolderGuid:963EC3EB4002CCE9759E2EBA541A873A
 |- ContainerInstances:
 |- [+] MainContainer:
 |   |-        ID: 00000000000000000000000000000000
 |   |-  ParentID: 00000000000000000000000000000000
 |   |-    Bounds: IsValid=false, Min=(X=0.000 Y=0.000 Z=0.000), Max=(X=0.000 Y=0.000 Z=0.000)
 |   |- Transform: 0.000000,0.000000,0.000000|0.000000,0.000000,-0.000000|1.000000,1.000000,1.000000
 |   |- Container: /Game/ThirdPerson/Maps/ThirdPersonMap
----------------------------------------------------------------------------------------------------------------
ThirdPersonMap - Persistent Level
----------------------------------------------------------------------------------------------------------------
[+] Content of ThirdPersonMap Persistent Level
 |- Always loaded Actor Count: 29 
 |- Actor Path: /Game/ThirdPerson/Maps/ThirdPersonMap.ThirdPersonMap:PersistentLevel.DirectionalLight_0
 |- Actor Package: /Game/__ExternalActors__/ThirdPerson/Maps/ThirdPersonMap/5/R1/TS5OQ5CRUWFZYL1ZQ7I416
 |- Actor Path: /Game/ThirdPerson/Maps/ThirdPersonMap.ThirdPersonMap:PersistentLevel.ExponentialHeightFog_0
 |- Actor Package: /Game/__ExternalActors__/ThirdPerson/Maps/ThirdPersonMap/6/J7/N10XDC9G27EMLS5AGZ6AVV
 |- Actor Path: /Game/ThirdPerson/Maps/ThirdPersonMap.ThirdPersonMap:PersistentLevel.Landscape_UAID_60CF8485F515B94E02_1781506423
 |- Actor Package: /Game/__ExternalActors__/ThirdPerson/Maps/ThirdPersonMap/E/19/82WF1ZB2OTHLNGT3GMGYX5
 |- Actor Path: /Game/ThirdPerson/Maps/ThirdPersonMap.ThirdPersonMap:PersistentLevel.LandscapeStreamingProxy_90G5V0VKYU0WZBTV61QZOCD12_126_0_0_0
 |- Actor Package: /Game/__ExternalActors__/ThirdPerson/Maps/ThirdPersonMap/2/M4/2GDWKBTXIFB6TT9Z3H7SYM
 |- Actor Path: /Game/ThirdPerson/Maps/ThirdPersonMap.ThirdPersonMap:PersistentLevel.LandscapeStreamingProxy_90G5V0VKYU0WZBTV61QZOCD12_126_0_1_0
 |- Actor Package: /Game/__ExternalActors__/ThirdPerson/Maps/ThirdPersonMap/6/NI/78SSD9H454IRTVBCVEBAMI
 |- Actor Path: /Game/ThirdPerson/Maps/ThirdPersonMap.ThirdPersonMap:PersistentLevel.LandscapeStreamingProxy_90G5V0VKYU0WZBTV61QZOCD12_126_0_2_0
 |- Actor Package: /Game/__ExternalActors__/ThirdPerson/Maps/ThirdPersonMap/6/TK/X7T4CY82DP0TLJ9BSZYZAR
 |- Actor Path: /Game/ThirdPerson/Maps/ThirdPersonMap.ThirdPersonMap:PersistentLevel.LandscapeStreamingProxy_90G5V0VKYU0WZBTV61QZOCD12_126_0_3_0
 |- Actor Package: /Game/__ExternalActors__/ThirdPerson/Maps/ThirdPersonMap/0/9M/ZDWNCFAK63529D301SI7LQ
 |- Actor Path: /Game/ThirdPerson/Maps/ThirdPersonMap.ThirdPersonMap:PersistentLevel.LandscapeStreamingProxy_90G5V0VKYU0WZBTV61QZOCD12_126_1_0_0
 |- Actor Package: /Game/__ExternalActors__/ThirdPerson/Maps/ThirdPersonMap/C/OK/0DHEAU2PUPYY5BGUXOIRYV
 |- Actor Path: /Game/ThirdPerson/Maps/ThirdPersonMap.ThirdPersonMap:PersistentLevel.LandscapeStreamingProxy_90G5V0VKYU0WZBTV61QZOCD12_126_1_1_0
 |- Actor Package: /Game/__ExternalActors__/ThirdPerson/Maps/ThirdPersonMap/4/VL/GPX0XNSAEH7XEPHPKODLB0
 |- Actor Path: /Game/ThirdPerson/Maps/ThirdPersonMap.ThirdPersonMap:PersistentLevel.LandscapeStreamingProxy_90G5V0VKYU0WZBTV61QZOCD12_126_1_2_0
 |- Actor Package: /Game/__ExternalActors__/ThirdPerson/Maps/ThirdPersonMap/9/29/7ZJ0XK2TOLFA6UC7T5OJN3
 |- Actor Path: /Game/ThirdPerson/Maps/ThirdPersonMap.ThirdPersonMap:PersistentLevel.LandscapeStreamingProxy_90G5V0VKYU0WZBTV61QZOCD12_126_1_3_0
 |- Actor Package: /Game/__ExternalActors__/ThirdPerson/Maps/ThirdPersonMap/8/HF/S8GF4188XF2FM7N6H3C5VQ
 |- Actor Path: /Game/ThirdPerson/Maps/ThirdPersonMap.ThirdPersonMap:PersistentLevel.LandscapeStreamingProxy_90G5V0VKYU0WZBTV61QZOCD12_126_2_0_0
 |- Actor Package: /Game/__ExternalActors__/ThirdPerson/Maps/ThirdPersonMap/D/EP/D6YUNT785983NVGEWRN1F4
 |- Actor Path: /Game/ThirdPerson/Maps/ThirdPersonMap.ThirdPersonMap:PersistentLevel.LandscapeStreamingProxy_90G5V0VKYU0WZBTV61QZOCD12_126_2_1_0
 |- Actor Package: /Game/__ExternalActors__/ThirdPerson/Maps/ThirdPersonMap/A/RG/72AVVOI4VLJP5RE4590C5K
 |- Actor Path: /Game/ThirdPerson/Maps/ThirdPersonMap.ThirdPersonMap:PersistentLevel.LandscapeStreamingProxy_90G5V0VKYU0WZBTV61QZOCD12_126_2_2_0
 |- Actor Package: /Game/__ExternalActors__/ThirdPerson/Maps/ThirdPersonMap/9/MY/QB46GDUSZ14WKWMA3Z1Z7D
 |- Actor Path: /Game/ThirdPerson/Maps/ThirdPersonMap.ThirdPersonMap:PersistentLevel.LandscapeStreamingProxy_90G5V0VKYU0WZBTV61QZOCD12_126_2_3_0
 |- Actor Package: /Game/__ExternalActors__/ThirdPerson/Maps/ThirdPersonMap/5/A3/6KNMILQRW18U2V5OCM5FP5
 |- Actor Path: /Game/ThirdPerson/Maps/ThirdPersonMap.ThirdPersonMap:PersistentLevel.LandscapeStreamingProxy_90G5V0VKYU0WZBTV61QZOCD12_126_3_0_0
 |- Actor Package: /Game/__ExternalActors__/ThirdPerson/Maps/ThirdPersonMap/D/92/T8HPDKILL6VI7VRXGLAQME
 |- Actor Path: /Game/ThirdPerson/Maps/ThirdPersonMap.ThirdPersonMap:PersistentLevel.LandscapeStreamingProxy_90G5V0VKYU0WZBTV61QZOCD12_126_3_1_0
 |- Actor Package: /Game/__ExternalActors__/ThirdPerson/Maps/ThirdPersonMap/0/ER/H6VTPF6EPUC6FOIEPA37RU
 |- Actor Path: /Game/ThirdPerson/Maps/ThirdPersonMap.ThirdPersonMap:PersistentLevel.LandscapeStreamingProxy_90G5V0VKYU0WZBTV61QZOCD12_126_3_2_0
 |- Actor Package: /Game/__ExternalActors__/ThirdPerson/Maps/ThirdPersonMap/3/YK/P5L29SUV4P7623CAAJOU1Q
 |- Actor Path: /Game/ThirdPerson/Maps/ThirdPersonMap.ThirdPersonMap:PersistentLevel.LandscapeStreamingProxy_90G5V0VKYU0WZBTV61QZOCD12_126_3_3_0
 |- Actor Package: /Game/__ExternalActors__/ThirdPerson/Maps/ThirdPersonMap/5/DB/S0LOLD7GTM40B0LV3PUG7V
 |- Actor Path: /Game/ThirdPerson/Maps/ThirdPersonMap.ThirdPersonMap:PersistentLevel.PlayerStart_0
 |- Actor Package: /Game/__ExternalActors__/ThirdPerson/Maps/ThirdPersonMap/D/DE/SWSI13675DVYIZ0N4NF7Y3
 |- Actor Path: /Game/ThirdPerson/Maps/ThirdPersonMap.ThirdPersonMap:PersistentLevel.PostProcessVolume_0
 |- Actor Package: /Game/__ExternalActors__/ThirdPerson/Maps/ThirdPersonMap/1/AZ/A7GPT109Y6ZTTJD4A7TXER
 |- Actor Path: /Game/ThirdPerson/Maps/ThirdPersonMap.ThirdPersonMap:PersistentLevel.SkyAtmosphere_0
 |- Actor Package: /Game/__ExternalActors__/ThirdPerson/Maps/ThirdPersonMap/4/LN/30UBDLYFFA5ZR7U4W4L4GG
 |- Actor Path: /Game/ThirdPerson/Maps/ThirdPersonMap.ThirdPersonMap:PersistentLevel.SkyLight_1
 |- Actor Package: /Game/__ExternalActors__/ThirdPerson/Maps/ThirdPersonMap/8/S1/DXUWD12MD3HRWVVXX076BY
 |- Actor Path: /Game/ThirdPerson/Maps/ThirdPersonMap.ThirdPersonMap:PersistentLevel.StaticMeshActor_UAID_60CF8485F515314F02_1454843544
 |- Actor Package: /Game/__ExternalActors__/ThirdPerson/Maps/ThirdPersonMap/2/L9/4KQXDHXUTAH0NZ8XK0XQPC
 |- Actor Path: /Game/ThirdPerson/Maps/ThirdPersonMap.ThirdPersonMap:PersistentLevel.StaticMeshActor_UAID_60CF8485F515334F02_1970459895
 |- Actor Package: /Game/__ExternalActors__/ThirdPerson/Maps/ThirdPersonMap/8/YJ/439VBF4AZKYNZJDICI172Z
 |- Actor Path: /Game/ThirdPerson/Maps/ThirdPersonMap.ThirdPersonMap:PersistentLevel.StaticMeshActor_UAID_60CF8485F515D14F02_1736738703
 |- Actor Package: /Game/__ExternalActors__/ThirdPerson/Maps/ThirdPersonMap/B/VI/FR926E00I7TNBJJX8TWS2Z
 |- Actor Path: /Game/ThirdPerson/Maps/ThirdPersonMap.ThirdPersonMap:PersistentLevel.StaticMeshActor_UAID_A4AE111137DC5EFB00_1110535423
 |- Actor Package: /Game/__ExternalActors__/ThirdPerson/Maps/ThirdPersonMap/4/PN/2QISIGK5DJNQ05US8O8FXW
 |- Actor Path: /Game/ThirdPerson/Maps/ThirdPersonMap.ThirdPersonMap:PersistentLevel.VolumetricCloud_0
 |- Actor Package: /Game/__ExternalActors__/ThirdPerson/Maps/ThirdPersonMap/3/EY/87SHEJN5UBEAN2K5OV1G6R
 |- Actor Path: /Game/ThirdPerson/Maps/ThirdPersonMap.ThirdPersonMap:PersistentLevel.WorldDataLayers
 |- Actor Package: /Game/__ExternalActors__/ThirdPerson/Maps/ThirdPersonMap/0/43/HYQWORMY4JDQ5X3OKZXFLC

----------------------------------------------------------------------------------------------------------------
ThirdPersonMap - Runtime Hash Set
----------------------------------------------------------------------------------------------------------------

